{"level":"info","timestamp":1698820429624764300,"caller":"auth-ms/main.go:80","msg":"Got signal: interrupt"}
{"level":"info","timestamp":1698820438448161800,"caller":"auth-ms/main.go:66","msg":"Starting server on port 9090"}
{"level":"info","timestamp":1698820466507305800,"caller":"handlers/LoginHandler.go:24","msg":"/login","traceId":"a33e14d1-d8e9-49dd-b059-63f640a68cac","ip":"127.0.0.1:57145"}
{"level":"info","timestamp":1698820466814127600,"caller":"handlers/LoginHandler.go:58","msg":"email not in db","traceId":"a33e14d1-d8e9-49dd-b059-63f640a68cac","status":401}
{"level":"info","timestamp":1698820589776065100,"caller":"handlers/LoginHandler.go:24","msg":"/login","traceId":"8598e8cb-45db-4af3-ba99-20ff1d868209","ip":"127.0.0.1:57217"}
{"level":"info","timestamp":1698820589913924600,"caller":"handlers/LoginHandler.go:58","msg":"email not in db","traceId":"8598e8cb-45db-4af3-ba99-20ff1d868209","status":401}
{"level":"info","timestamp":1698820600701231100,"caller":"handlers/LoginHandler.go:24","msg":"/login","traceId":"a754ab82-3429-4bf2-bf3c-ef0c4f26ed1e","ip":"127.0.0.1:57221"}
{"level":"info","timestamp":1698820600804138500,"caller":"handlers/LoginHandler.go:58","msg":"email not in db","traceId":"a754ab82-3429-4bf2-bf3c-ef0c4f26ed1e","status":401}
{"level":"info","timestamp":1698820617594946800,"caller":"handlers/LoginHandler.go:24","msg":"/login","traceId":"9a477265-8820-447b-adc6-f1a1d438eb75","ip":"127.0.0.1:57223"}
{"level":"info","timestamp":1698820618067704400,"caller":"handlers/LoginHandler.go:66","msg":"wrong pass","traceId":"9a477265-8820-447b-adc6-f1a1d438eb75","status":401}
{"level":"info","timestamp":1698820707895014300,"caller":"handlers/LoginHandler.go:24","msg":"/login","traceId":"b817edca-32d5-4951-a62d-71960e80bb83","ip":"127.0.0.1:57243"}
{"level":"info","timestamp":1698820708230107900,"caller":"handlers/LoginHandler.go:66","msg":"wrong pass","traceId":"b817edca-32d5-4951-a62d-71960e80bb83","status":401}
{"level":"info","timestamp":1698820745260726500,"caller":"handlers/LoginHandler.go:24","msg":"/login","traceId":"f304a5b9-5e2d-4681-bc24-2b58c3616f5f","ip":"127.0.0.1:57248"}
{"level":"info","timestamp":1698820745793531800,"caller":"handlers/LoginHandler.go:66","msg":"wrong pass","traceId":"f304a5b9-5e2d-4681-bc24-2b58c3616f5f","status":401}
{"level":"info","timestamp":1698820751283909500,"caller":"handlers/LoginHandler.go:24","msg":"/login","traceId":"bb81d955-b4c4-4767-a309-27d42ea6ea64","ip":"127.0.0.1:57249"}
{"level":"info","timestamp":1698820751447710400,"caller":"handlers/LoginHandler.go:58","msg":"email not in db","traceId":"bb81d955-b4c4-4767-a309-27d42ea6ea64","status":401}
{"level":"info","timestamp":1698820767451270200,"caller":"auth-ms/main.go:80","msg":"Got signal: interrupt"}
{"level":"info","timestamp":1698829657033890500,"caller":"auth-ms/main.go:67","msg":"Starting server on port 9090"}
{"level":"info","timestamp":1698829702984107200,"caller":"auth-ms/main.go:81","msg":"Got signal: interrupt"}
{"level":"info","timestamp":1698829712776421100,"caller":"auth-ms/main.go:67","msg":"Starting server on port 9090"}
{"level":"info","timestamp":1698829726168876900,"caller":"handlers/LoginHandler.go:24","msg":"/login","traceId":"5820a100-a7bc-4618-8da2-406e999fcc22","ip":"127.0.0.1:58285"}
{"level":"info","timestamp":1698829727439519600,"caller":"handlers/LoginHandler.go:82","msg":"login success","traceId":"5820a100-a7bc-4618-8da2-406e999fcc22","uid":"1SufIpNqrnrWjASJYnMg1LlQR/AyheM8","status":200}
{"level":"info","timestamp":1698829783968018500,"caller":"handlers/VerifyHandler.go:27","msg":"/verify","traceId":"1a0fd7b3-7b76-4964-90cf-e85246a2d03e","ip":"127.0.0.1:58286"}
{"level":"info","timestamp":1698829783968018500,"caller":"handlers/VerifyHandler.go:46","msg":"invalid token","traceId":"1a0fd7b3-7b76-4964-90cf-e85246a2d03e"}
{"level":"info","timestamp":1698829811104101400,"caller":"handlers/VerifyHandler.go:27","msg":"/verify","traceId":"cb579618-6430-4cdd-bb0a-393f9e417abe","ip":"127.0.0.1:58287"}
{"level":"info","timestamp":1698829811104612200,"caller":"handlers/VerifyHandler.go:46","msg":"invalid token","traceId":"cb579618-6430-4cdd-bb0a-393f9e417abe"}
{"level":"info","timestamp":1698829927627756000,"caller":"handlers/VerifyHandler.go:27","msg":"/verify","traceId":"1dd9873b-9f07-4771-b206-1f45f46a9688","ip":"127.0.0.1:58288"}
{"level":"info","timestamp":1698829927934156100,"caller":"handlers/VerifyHandler.go:59","msg":"verified","traceId":"1dd9873b-9f07-4771-b206-1f45f46a9688","uid":"1SufIpNqrnrWjASJYnMg1LlQR/AyheM8"}
{"level":"info","timestamp":1698829939276601300,"caller":"handlers/ProfileHandler.go:28","msg":"/profile","traceId":"155731eb-1d20-4d5d-a1ad-231366f3abda","ip":"127.0.0.1:58289"}
{"level":"info","timestamp":1698829939914840700,"caller":"handlers/ProfileHandler.go:72","msg":"Profile returned","traceId":"155731eb-1d20-4d5d-a1ad-231366f3abda","uid":"1SufIpNqrnrWjASJYnMg1LlQR/AyheM8"}
{"level":"info","timestamp":1698829977951851300,"caller":"auth-ms/main.go:81","msg":"Got signal: interrupt"}
{"level":"info","timestamp":1698829987233951600,"caller":"auth-ms/main.go:67","msg":"Starting server on port 9090"}
{"level":"info","timestamp":1698829992435266400,"caller":"handlers/ProfileHandler.go:28","msg":"/profile","traceId":"c7a09af8-9807-4472-9d2e-e0735a95d940","ip":"127.0.0.1:58294"}
{"level":"info","timestamp":1698829993198349000,"caller":"handlers/ProfileHandler.go:72","msg":"Profile returned","traceId":"c7a09af8-9807-4472-9d2e-e0735a95d940","uid":"1SufIpNqrnrWjASJYnMg1LlQR/AyheM8"}
{"level":"info","timestamp":1698829998907593800,"caller":"handlers/ProfileHandler.go:28","msg":"/profile","traceId":"65052009-3c98-4ae9-a2ca-d98dc46a510a","ip":"127.0.0.1:58295"}
{"level":"info","timestamp":1698829998908465500,"caller":"handlers/ProfileHandler.go:47","msg":"invalid token","traceId":"65052009-3c98-4ae9-a2ca-d98dc46a510a"}
{"level":"info","timestamp":1698830015618277100,"caller":"auth-ms/main.go:81","msg":"Got signal: interrupt"}
{"level":"info","timestamp":1698897568432390356,"caller":"auth-microservice/main.go:29","msg":"Error reading .env file"}
{"level":"panic","timestamp":1698897568432886580,"caller":"auth-microservice/main.go:30","msg":"open .env: no such file or directory","stacktrace":"main.main\n\t/home/anurag/auth-microservice/main.go:30\nruntime.main\n\t/usr/lib/go-1.19/src/runtime/proc.go:250"}
{"level":"info","timestamp":1698912782087920398,"caller":"auth-microservice/main.go:29","msg":"Error reading .env file"}
{"level":"panic","timestamp":1698912782088439433,"caller":"auth-microservice/main.go:30","msg":"open .env: no such file or directory","stacktrace":"main.main\n\t/home/anurag/auth-microservice/main.go:30\nruntime.main\n\t/usr/lib/go-1.19/src/runtime/proc.go:250"}
{"level":"info","timestamp":1698912904945517076,"caller":"auth-microservice/main.go:67","msg":"Starting server on port 9090"}
{"level":"info","timestamp":1698912914674438160,"caller":"handlers/SignupHandler.go:24","msg":"/signup","traceId":"bc6609a5-092b-4650-b2b3-b401bb011f92","ip":"127.0.0.1:57502"}
{"level":"info","timestamp":1698912914674787228,"caller":"handlers/SignupHandler.go:30","msg":"Invalid body","traceId":"bc6609a5-092b-4650-b2b3-b401bb011f92","status":400}
{"level":"info","timestamp":1698912928273056742,"caller":"handlers/SignupHandler.go:24","msg":"/signup","traceId":"8caed5d0-78e0-4f2d-978e-4beb1a050f1f","ip":"127.0.0.1:44022"}
{"level":"info","timestamp":1698912928273172312,"caller":"handlers/SignupHandler.go:30","msg":"Invalid body","traceId":"8caed5d0-78e0-4f2d-978e-4beb1a050f1f","status":400}
{"level":"info","timestamp":1698913321546821534,"caller":"auth-microservice/main.go:81","msg":"Got signal: interrupt"}
{"level":"error","timestamp":1698913321548525571,"caller":"auth-microservice/main.go:71","msg":"Error starting server: http: Server closed\n","stacktrace":"main.main.func1\n\t/home/anurag/auth-microservice/main.go:71"}
{"level":"info","timestamp":1698913325603790385,"caller":"auth-microservice/main.go:67","msg":"Starting server on port 9090"}
{"level":"info","timestamp":1698913383365991185,"caller":"handlers/LoginHandler.go:24","msg":"/login","traceId":"c330c7d8-7fdb-4c21-824d-62e94078fba4","ip":"127.0.0.1:40738"}
{"level":"info","timestamp":1698913383366213534,"caller":"handlers/LoginHandler.go:29","msg":"Invalid body","traceId":"c330c7d8-7fdb-4c21-824d-62e94078fba4","status":400}
{"level":"info","timestamp":1698913408034451313,"caller":"handlers/LoginHandler.go:24","msg":"/login","traceId":"ece799e7-e5f4-41c0-8491-2a9c4f217fba","ip":"127.0.0.1:43068"}
{"level":"info","timestamp":1698913541438105311,"caller":"handlers/LoginHandler.go:24","msg":"/login","traceId":"86a32b06-8c06-4fbc-8584-f6c01acdff02","ip":"127.0.0.1:38504"}
{"level":"info","timestamp":1698913542307391100,"caller":"handlers/LoginHandler.go:82","msg":"login success","traceId":"86a32b06-8c06-4fbc-8584-f6c01acdff02","uid":"1SufIpNqrnrWjASJYnMg1LlQR/AyheM8","status":200}
{"level":"info","timestamp":1698914037750311112,"caller":"auth-microservice/main.go:81","msg":"Got signal: interrupt"}
{"level":"error","timestamp":1698914037751184654,"caller":"auth-microservice/main.go:71","msg":"Error starting server: http: Server closed\n","stacktrace":"main.main.func1\n\t/home/anurag/auth-microservice/main.go:71"}
{"level":"info","timestamp":1701076546530777700,"caller":"auth-microservice/main.go:67","msg":"Starting server on port 9090"}
{"level":"info","timestamp":1701076563145646500,"caller":"handlers/homeHandler.go:17","msg":"0a71a5f7-85ef-443e-971a-a3cd72def30f"}
{"level":"info","timestamp":1701076815261503500,"caller":"handlers/homeHandler.go:17","msg":"7263ca47-a61f-4a63-b158-7f761af17c5d"}
{"level":"info","timestamp":1701076819657661500,"caller":"handlers/homeHandler.go:17","msg":"8fda2fef-0428-4a65-8227-faf19489e300"}
{"level":"info","timestamp":1701076823314278500,"caller":"auth-microservice/main.go:81","msg":"Got signal: interrupt"}
{"level":"info","timestamp":1701076891682188300,"caller":"auth-microservice/main.go:67","msg":"Starting server on port 9090"}
{"level":"fatal","timestamp":1701076899167149600,"caller":"handlers/homeHandler.go:22","msg":"Cannot connect to GRPC Server","stacktrace":"auth-ms/handlers.(*Provider).HomeHandler\n\tC:/Users/Anurag/Desktop/Go/auth-microservice/handlers/homeHandler.go:22\nnet/http.HandlerFunc.ServeHTTP\n\tC:/Users/Anurag/gosdk/go1.20.4/src/net/http/server.go:2122\nauth-ms/middlewares.ReqIDMiddleware.func1\n\tC:/Users/Anurag/Desktop/Go/auth-microservice/middlewares/requestIDMiddleware.go:32\nnet/http.HandlerFunc.ServeHTTP\n\tC:/Users/Anurag/gosdk/go1.20.4/src/net/http/server.go:2122\ngithub.com/gorilla/mux.(*Router).ServeHTTP\n\tC:/Users/Anurag/go/pkg/mod/github.com/gorilla/mux@v1.8.1/mux.go:212\nnet/http.serverHandler.ServeHTTP\n\tC:/Users/Anurag/gosdk/go1.20.4/src/net/http/server.go:2936\nnet/http.(*conn).serve\n\tC:/Users/Anurag/gosdk/go1.20.4/src/net/http/server.go:1995"}
{"level":"info","timestamp":1701077133871515000,"caller":"auth-microservice/main.go:67","msg":"Starting server on port 9090"}
{"level":"fatal","timestamp":1701077147292452000,"caller":"handlers/homeHandler.go:22","msg":"Cannot connect to GRPC Server","stacktrace":"auth-ms/handlers.(*Provider).HomeHandler\n\tC:/Users/Anurag/Desktop/Go/auth-microservice/handlers/homeHandler.go:22\nnet/http.HandlerFunc.ServeHTTP\n\tC:/Users/Anurag/gosdk/go1.20.4/src/net/http/server.go:2122\nauth-ms/middlewares.ReqIDMiddleware.func1\n\tC:/Users/Anurag/Desktop/Go/auth-microservice/middlewares/requestIDMiddleware.go:32\nnet/http.HandlerFunc.ServeHTTP\n\tC:/Users/Anurag/gosdk/go1.20.4/src/net/http/server.go:2122\ngithub.com/gorilla/mux.(*Router).ServeHTTP\n\tC:/Users/Anurag/go/pkg/mod/github.com/gorilla/mux@v1.8.1/mux.go:212\nnet/http.serverHandler.ServeHTTP\n\tC:/Users/Anurag/gosdk/go1.20.4/src/net/http/server.go:2936\nnet/http.(*conn).serve\n\tC:/Users/Anurag/gosdk/go1.20.4/src/net/http/server.go:1995"}
{"level":"info","timestamp":1701077370458183900,"caller":"auth-microservice/main.go:67","msg":"Starting server on port 9090"}
{"level":"info","timestamp":1701077377391207200,"caller":"handlers/homeHandler.go:29","msg":"61e968d3-9e08-4d8c-95e4-7306cf508841"}
{"level":"info","timestamp":1701078575019826800,"caller":"handlers/homeHandler.go:29","msg":"521546bb-db4a-4250-aa1b-77799d031de6"}
{"level":"info","timestamp":1701721722840735100,"caller":"server/Server.go:21","msg":"trying out proto"}
{"level":"info","timestamp":1704204460500807100,"caller":"auth-microservice/main.go:67","msg":"Starting server on port 9090"}
{"level":"info","timestamp":1704204487348146100,"caller":"auth-microservice/main.go:81","msg":"Got signal: interrupt"}
{"level":"info","timestamp":1711455756339029600,"caller":"auth-microservice/main.go:67","msg":"Starting server on port 9090"}
{"level":"info","timestamp":1711455829912011400,"caller":"handlers/SignupHandler.go:24","msg":"/signup","traceId":"b4d30ca2-beef-48d8-b358-0dfb900e3355","ip":"[::1]:63772"}
{"level":"info","timestamp":1711455829912580400,"caller":"handlers/SignupHandler.go:30","msg":"Invalid body","traceId":"b4d30ca2-beef-48d8-b358-0dfb900e3355","status":400}
{"level":"info","timestamp":1711456225817258800,"caller":"handlers/SignupHandler.go:24","msg":"/signup","traceId":"a5345400-da0b-4e23-8d31-eb89df3f0ec8","ip":"[::1]:64180"}
{"level":"info","timestamp":1711456225822330300,"caller":"handlers/SignupHandler.go:38","msg":"Validation error","traceId":"a5345400-da0b-4e23-8d31-eb89df3f0ec8","status":400}
{"level":"info","timestamp":1711456280481387500,"caller":"auth-microservice/main.go:81","msg":"Got signal: interrupt"}
{"level":"info","timestamp":1711456305127398000,"caller":"auth-microservice/main.go:67","msg":"Starting server on port 9090"}
{"level":"info","timestamp":1711456313002792000,"caller":"handlers/SignupHandler.go:24","msg":"/signup","traceId":"d7d4c839-f9c6-4f91-9122-7c73428ab113","ip":"[::1]:64189"}
{"level":"info","timestamp":1711456316870531700,"caller":"handlers/SignupHandler.go:84","msg":"signup success","traceId":"d7d4c839-f9c6-4f91-9122-7c73428ab113","status":200}
{"level":"info","timestamp":1711456655230152800,"caller":"auth-microservice/main.go:81","msg":"Got signal: interrupt"}
{"level":"info","timestamp":1711456667359794500,"caller":"auth-microservice/main.go:67","msg":"Starting server on port 9090"}
{"level":"info","timestamp":1711456675946348000,"caller":"handlers/SignupHandler.go:24","msg":"/signup","traceId":"3f902c06-2dba-4cec-9cf2-8687f17da275","ip":"[::1]:64262"}
{"level":"info","timestamp":1711456676322618400,"caller":"handlers/SignupHandler.go:72","msg":"duplicate email","traceId":"3f902c06-2dba-4cec-9cf2-8687f17da275","status":409}
{"level":"info","timestamp":1711456684514539100,"caller":"handlers/SignupHandler.go:24","msg":"/signup","traceId":"95ddeb3d-2b1b-4a0f-a026-29cefb4e233d","ip":"[::1]:64262"}
{"level":"info","timestamp":1711456685393879600,"caller":"handlers/SignupHandler.go:90","msg":"signup success","traceId":"95ddeb3d-2b1b-4a0f-a026-29cefb4e233d","status":200}
{"level":"info","timestamp":1711456687683124800,"caller":"handlers/SignupHandler.go:24","msg":"/signup","traceId":"0763b232-8688-49f1-b6e1-2849ef7680a9","ip":"[::1]:64262"}
{"level":"info","timestamp":1711456687994909200,"caller":"handlers/SignupHandler.go:72","msg":"duplicate email","traceId":"0763b232-8688-49f1-b6e1-2849ef7680a9","status":409}
{"level":"info","timestamp":1711456798676543500,"caller":"handlers/LoginHandler.go:24","msg":"/login","traceId":"9cadb2bc-ad82-4a94-b38c-1cf7cda25150","ip":"[::1]:64262"}
{"level":"info","timestamp":1711456800918752000,"caller":"handlers/LoginHandler.go:82","msg":"login success","traceId":"9cadb2bc-ad82-4a94-b38c-1cf7cda25150","uid":"OAyFkcc7nYHqIsfe2XvI0W4/vJB83ofc","status":200}
{"level":"info","timestamp":1711456874009521500,"caller":"handlers/ProfileHandler.go:28","msg":"/profile","traceId":"1fd3df9a-2263-40df-8304-d6244e1ee719","ip":"[::1]:64262"}
{"level":"info","timestamp":1711456876161163300,"caller":"handlers/ProfileHandler.go:72","msg":"Profile returned","traceId":"1fd3df9a-2263-40df-8304-d6244e1ee719","uid":"OAyFkcc7nYHqIsfe2XvI0W4/vJB83ofc"}
{"level":"info","timestamp":1711456921778108600,"caller":"handlers/VerifyHandler.go:27","msg":"/verify","traceId":"e477dbd1-a1d1-40a0-b0a2-182c4e535592","ip":"[::1]:64262"}
{"level":"info","timestamp":1711456921948749100,"caller":"handlers/VerifyHandler.go:59","msg":"verified","traceId":"e477dbd1-a1d1-40a0-b0a2-182c4e535592","uid":"OAyFkcc7nYHqIsfe2XvI0W4/vJB83ofc"}
{"level":"info","timestamp":1711456977898624900,"caller":"handlers/ProfileHandler.go:28","msg":"/profile","traceId":"7f3b02a3-75f8-4c93-a7ae-fd5c3c5d142a","ip":"[::1]:64262"}
{"level":"info","timestamp":1711456978185347300,"caller":"handlers/ProfileHandler.go:72","msg":"Profile returned","traceId":"7f3b02a3-75f8-4c93-a7ae-fd5c3c5d142a","uid":"OAyFkcc7nYHqIsfe2XvI0W4/vJB83ofc"}
{"level":"info","timestamp":1711457038920922500,"caller":"handlers/tokenHandler.go:32","msg":"/token","traceId":"1d6588af-4777-440f-89a1-9e52acaf4a73","ip":"[::1]:64262","uid":"OAyFkcc7nYHqIsfe2XvI0W4/vJB83ofc"}
{"level":"info","timestamp":1711457039644958400,"caller":"handlers/tokenHandler.go:73","msg":"token success","traceId":"1d6588af-4777-440f-89a1-9e52acaf4a73"}
{"level":"info","timestamp":1711457046679856800,"caller":"handlers/ProfileHandler.go:28","msg":"/profile","traceId":"67db3551-bca2-4d79-bea8-a2cd88015f49","ip":"[::1]:64262"}
{"level":"info","timestamp":1711457046853058000,"caller":"handlers/ProfileHandler.go:75","msg":"seed mismatch or nil","traceId":"67db3551-bca2-4d79-bea8-a2cd88015f49","uid":"OAyFkcc7nYHqIsfe2XvI0W4/vJB83ofc"}
{"level":"info","timestamp":1711457110318517100,"caller":"handlers/ProfileHandler.go:28","msg":"/profile","traceId":"bc59d8bd-c981-4b4b-9abb-dad6fe6c679e","ip":"[::1]:64262"}
{"level":"info","timestamp":1711457110601584300,"caller":"handlers/ProfileHandler.go:72","msg":"Profile returned","traceId":"bc59d8bd-c981-4b4b-9abb-dad6fe6c679e","uid":"OAyFkcc7nYHqIsfe2XvI0W4/vJB83ofc"}
{"level":"info","timestamp":1711457147956042300,"caller":"auth-microservice/main.go:81","msg":"Got signal: interrupt"}
{"level":"error","timestamp":1711457148011272400,"caller":"auth-microservice/main.go:71","msg":"Error starting server: http: Server closed\n","stacktrace":"main.main.func1\n\tC:/Users/Anurag/Desktop/Go/auth-microservice/main.go:71"}
{"level":"info","timestamp":1711464975596108042,"caller":"auth-microservice/main.go:91","msg":"Starting server on port 9090"}
{"level":"info","timestamp":1711464983959133707,"caller":"handlers/homeHandler.go:24","msg":"4a28aef9-d8db-43f6-9c3c-44aa120856f8"}
{"level":"info","timestamp":1711465152197611759,"caller":"auth-microservice/main.go:105","msg":"Got signal: interrupt"}
{"level":"error","timestamp":1711465152198933514,"caller":"auth-microservice/main.go:95","msg":"Error starting server: http: Server closed\n","stacktrace":"main.main.func1\n\t/home/anurag/projects/auth-microservice/main.go:95"}
{"level":"info","timestamp":1711465163187700325,"caller":"auth-microservice/main.go:92","msg":"Starting server on port 9090"}
{"level":"info","timestamp":1711467506200811008,"caller":"auth-microservice/main.go:106","msg":"Got signal: interrupt"}
{"level":"info","timestamp":1711640376057358753,"caller":"auth-microservice/main.go:91","msg":"Starting server on port 9090"}
{"level":"info","timestamp":1711641266935882459,"caller":"auth-microservice/main.go:105","msg":"Got signal: interrupt"}
{"level":"error","timestamp":1711641266938872200,"caller":"auth-microservice/main.go:95","msg":"Error starting server: http: Server closed\n","stacktrace":"main.main.func1\n\t/home/anurag/projects/auth-microservice/main.go:95"}
{"level":"info","timestamp":1715078793252132830,"caller":"auth-microservice/main.go:91","msg":"Starting server on port 9090"}
{"level":"info","timestamp":1715078823623288300,"caller":"handlers/SignupHandler.go:32","msg":"/signup","traceId":"bd4fb8ef-6203-4e42-ae82-1b5a2bf3c332","ip":"127.0.0.1:41276"}
{"level":"info","timestamp":1715078823681033572,"caller":"handlers/SignupHandler.go:99","msg":"signup success","traceId":"bd4fb8ef-6203-4e42-ae82-1b5a2bf3c332","status":200}
{"level":"info","timestamp":1715079207752719653,"caller":"handlers/SignupHandler.go:32","msg":"/signup","traceId":"fdabb745-c5b9-4c32-baa9-cc74b4c6ab8f","ip":"127.0.0.1:43648"}
{"level":"info","timestamp":1715079207807417289,"caller":"handlers/SignupHandler.go:81","msg":"duplicate email","traceId":"fdabb745-c5b9-4c32-baa9-cc74b4c6ab8f","status":409}
{"level":"info","timestamp":1715079213065587549,"caller":"handlers/SignupHandler.go:32","msg":"/signup","traceId":"c64f88df-a18c-4566-96ca-f1e576468101","ip":"127.0.0.1:43662"}
{"level":"info","timestamp":1715079213122654933,"caller":"handlers/SignupHandler.go:99","msg":"signup success","traceId":"c64f88df-a18c-4566-96ca-f1e576468101","status":200}
